[2025-04-03 14:49:50] PC Video Game Wallpaper Changer started
[2025-04-03 14:49:50] Sources: Wallhaven, Steam Workshop, Reddit GameWallpapers
[2025-04-03 14:49:50] Attempting source: Gaming Wallpapers Subreddit
[2025-04-03 14:49:51] No suitable image found from Gaming Wallpapers Subreddit
[2025-04-03 14:49:51] Attempting source: Wallhaven Gaming
[2025-04-03 14:49:52] Downloading image from: https://w.wallhaven.cc/full/zm/wallhaven-zmvexy.png
[2025-04-03 14:49:53] Wallpaper set successfully
[2025-04-03 14:49:53] Successfully updated PC game wallpaper!
[2025-04-03 14:50:24] Shutting down by user request
[2025-04-03 14:50:25] PC Video Game Wallpaper Changer started
[2025-04-03 14:50:25] Sources: Wallhaven, Steam Workshop, Reddit GameWallpapers
[2025-04-03 14:50:25] Attempting source: Gaming Wallpapers Subreddit
[2025-04-03 14:50:26] No suitable image found from Gaming Wallpapers Subreddit
[2025-04-03 14:50:26] Attempting source: Steam Workshop
[2025-04-03 14:50:27] Error with Steam Workshop: 'preview_url'
[2025-04-03 14:50:27] Attempting source: Wallhaven Gaming
[2025-04-03 14:50:27] Downloading image from: https://w.wallhaven.cc/full/0j/wallhaven-0j1xvq.png
[2025-04-03 14:50:30] Wallpaper set successfully
[2025-04-03 14:50:30] Successfully updated PC game wallpaper!
[2025-04-03 14:50:33] Shutting down by user request
[2025-04-03 14:50:35] PC Video Game Wallpaper Changer started
[2025-04-03 14:50:35] Sources: Wallhaven, Steam Workshop, Reddit GameWallpapers
[2025-04-03 14:50:35] Attempting source: Steam Workshop
[2025-04-03 14:50:36] Error with Steam Workshop: 'preview_url'
[2025-04-03 14:50:36] Attempting source: Gaming Wallpapers Subreddit
[2025-04-03 14:50:37] No suitable image found from Gaming Wallpapers Subreddit
[2025-04-03 14:50:37] Attempting source: Wallhaven Gaming
[2025-04-03 14:50:37] Downloading image from: https://w.wallhaven.cc/full/v9/wallhaven-v9q5d8.png
[2025-04-03 14:50:42] Wallpaper set successfully
[2025-04-03 14:50:42] Successfully updated PC game wallpaper!
[2025-04-03 14:50:48] Shutting down by user request
[2025-04-03 14:51:06] PC Video Game Wallpaper Changer started
[2025-04-03 14:51:06] Sources: Wallhaven, Steam Workshop, Reddit GameWallpapers
[2025-04-03 14:51:06] Attempting source: Wallhaven Gaming
[2025-04-03 14:51:06] Downloading image from: https://w.wallhaven.cc/full/0q/wallhaven-0q5w3l.jpg
[2025-04-03 14:51:07] Wallpaper set successfully
[2025-04-03 14:51:07] Successfully updated PC game wallpaper!
[2025-04-03 14:51:11] Shutting down by user request
[2025-04-03 14:55:03] PC Video Game Wallpaper Changer started
[2025-04-03 14:55:03] Sources: Wallhaven, Steam Workshop, Reddit GameWallpapers
[2025-04-03 14:55:03] Attempting source: Wallhaven Gaming
[2025-04-03 14:55:04] Downloading image from: https://w.wallhaven.cc/full/mp/wallhaven-mpqy98.jpg
[2025-04-03 14:55:05] Wallpaper set successfully
[2025-04-03 14:55:05] Successfully updated PC game wallpaper!
[2025-04-03 14:55:06] Shutting down by user request
[2025-04-09 13:01:14] PC Video Game Wallpaper Changer started
[2025-04-09 13:01:14] Sources: Wallhaven, Steam Workshop, Reddit GameWallpapers
[2025-04-09 13:01:14] Attempting source: Wallhaven Gaming
[2025-04-09 13:01:14] Downloading image from: https://w.wallhaven.cc/full/pk/wallhaven-pklwlj.jpg
[2025-04-09 13:01:16] Wallpaper set successfully
[2025-04-09 13:01:16] Successfully updated PC game wallpaper!
[2025-04-09 13:01:17] Shutting down by user request
[2025-04-09 13:07:34] PC Video Game Wallpaper Changer started
[2025-04-09 13:07:34] Sources: Wallhaven, Steam Workshop, Reddit GameWallpapers
[2025-04-09 13:07:34] Attempting source: Wallhaven Gaming
[2025-04-09 13:07:34] Downloading image from: https://w.wallhaven.cc/full/nk/wallhaven-nkm5gd.jpg
[2025-04-09 13:07:35] Wallpaper set successfully
[2025-04-09 13:07:35] Successfully updated PC game wallpaper!
[2025-04-09 13:07:36] Shutting down by user request
[2025-04-09 15:40:15] PC Video Game Wallpaper Changer started
[2025-04-09 15:40:15] Sources: Wallhaven, Steam Workshop, Reddit GameWallpapers
[2025-04-09 15:40:15] Attempting source: Gaming Wallpapers Subreddit
[2025-04-09 15:40:16] No suitable image found from Gaming Wallpapers Subreddit
[2025-04-09 15:40:16] Attempting source: Wallhaven Gaming
[2025-04-09 15:40:16] Downloading image from: https://w.wallhaven.cc/full/j8/wallhaven-j811ly.png
[2025-04-09 15:40:20] Wallpaper set successfully
[2025-04-09 15:40:20] Successfully updated PC game wallpaper!
[2025-04-09 16:13:00] PC Video Game Wallpaper Changer started
[2025-04-09 16:13:00] Sources: Wallhaven, Steam Workshop, Reddit GameWallpapers
[2025-04-09 16:13:00] Attempting source: Steam Workshop
[2025-04-09 16:13:01] Error with Steam Workshop: ('Connection aborted.', ConnectionAbortedError(10053, 'An established connection was aborted by the software in your host machine', None, 10053, None))
[2025-04-09 16:13:01] Attempting source: Gaming Wallpapers Subreddit
[2025-04-09 16:13:01] Error with Gaming Wallpapers Subreddit: HTTPSConnectionPool(host='www.reddit.com', port=443): Max retries exceeded with url: /r/GameWallpapers/hot.json?limit=50 (Caused by NameResolutionError("<urllib3.connection.HTTPSConnection object at 0x000001CCC2D682D0>: Failed to resolve 'www.reddit.com' ([Errno 11001] getaddrinfo failed)"))
[2025-04-09 16:13:01] Attempting source: Wallhaven Gaming
[2025-04-09 16:13:01] Error with Wallhaven Gaming: HTTPSConnectionPool(host='wallhaven.cc', port=443): Max retries exceeded with url: /api/v1/search?categories=111&purity=100&sorting=random&ratios=16x9%2C16x10&q=pc+game&colors=000000&atleast=1920x1080 (Caused by NameResolutionError("<urllib3.connection.HTTPSConnection object at 0x000001CCC2D68CD0>: Failed to resolve 'wallhaven.cc' ([Errno 11001] getaddrinfo failed)"))
[2025-04-09 16:13:01] All sources failed, will retry
[2025-04-09 16:14:52] PC Video Game Wallpaper Changer started
[2025-04-09 16:14:52] Sources: Wallhaven, Steam Workshop, Reddit GameWallpapers
[2025-04-09 16:14:52] Attempting source: Wallhaven Gaming
[2025-04-09 16:14:52] Downloading image from: https://w.wallhaven.cc/full/lq/wallhaven-lq96op.jpg
[2025-04-09 16:14:54] Wallpaper set successfully
[2025-04-09 16:14:54] Successfully updated PC game wallpaper!
[2025-04-09 16:15:27] Shutting down by user request
[2025-04-09 16:15:28] PC Video Game Wallpaper Changer started
[2025-04-09 16:15:28] Sources: Wallhaven, Steam Workshop, Reddit GameWallpapers
[2025-04-09 16:15:28] Attempting source: Wallhaven Gaming
[2025-04-09 16:15:29] Downloading image from: https://w.wallhaven.cc/full/r7/wallhaven-r76oo7.jpg
[2025-04-09 16:15:30] Wallpaper set successfully
[2025-04-09 16:15:30] Successfully updated PC game wallpaper!
[2025-04-09 16:15:32] Shutting down by user request
[2025-04-09 16:15:37] PC Video Game Wallpaper Changer started
[2025-04-09 16:15:37] Sources: Wallhaven, Steam Workshop, Reddit GameWallpapers
[2025-04-09 16:15:37] Attempting source: Gaming Wallpapers Subreddit
[2025-04-09 16:15:38] No suitable image found from Gaming Wallpapers Subreddit
[2025-04-09 16:15:38] Attempting source: Steam Workshop
[2025-04-09 16:15:38] Error with Steam Workshop: 'preview_url'
[2025-04-09 16:15:38] Attempting source: Wallhaven Gaming
[2025-04-09 16:15:39] Downloading image from: https://w.wallhaven.cc/full/j5/wallhaven-j5ovgm.jpg
[2025-04-09 16:15:40] Wallpaper set successfully
[2025-04-09 16:15:40] Successfully updated PC game wallpaper!
[2025-04-09 16:15:42] Shutting down by user request
[2025-04-09 16:15:43] PC Video Game Wallpaper Changer started
[2025-04-09 16:15:43] Sources: Wallhaven, Steam Workshop, Reddit GameWallpapers
[2025-04-09 16:15:43] Attempting source: Wallhaven Gaming
[2025-04-09 16:15:44] Downloading image from: https://w.wallhaven.cc/full/n6/wallhaven-n6r3dw.jpg
[2025-04-09 16:15:44] Wallpaper set successfully
[2025-04-09 16:15:44] Successfully updated PC game wallpaper!
[2025-04-09 16:15:47] Shutting down by user request
[2025-04-09 19:01:40] PC Video Game Wallpaper Changer started
[2025-04-09 19:01:40] Sources: Wallhaven, Steam Workshop, Reddit GameWallpapers
[2025-04-09 19:01:40] Attempting source: Gaming Wallpapers Subreddit
[2025-04-09 19:01:41] No suitable image found from Gaming Wallpapers Subreddit
[2025-04-09 19:01:41] Attempting source: Wallhaven Gaming
[2025-04-09 19:01:42] Downloading image from: https://w.wallhaven.cc/full/1j/wallhaven-1j3kjg.jpg
[2025-04-09 19:01:44] Wallpaper set successfully
[2025-04-09 19:01:44] Successfully updated PC game wallpaper!
[2025-04-09 19:01:48] Shutting down by user request
[2025-04-09 19:01:51] PC Video Game Wallpaper Changer started
[2025-04-09 19:01:51] Sources: Wallhaven, Steam Workshop, Reddit GameWallpapers
[2025-04-09 19:01:51] Attempting source: Steam Workshop
[2025-04-09 19:01:51] Error with Steam Workshop: 'preview_url'
[2025-04-09 19:01:51] Attempting source: Gaming Wallpapers Subreddit
[2025-04-09 19:01:52] No suitable image found from Gaming Wallpapers Subreddit
[2025-04-09 19:01:52] Attempting source: Wallhaven Gaming
[2025-04-09 19:01:53] Downloading image from: https://w.wallhaven.cc/full/72/wallhaven-722me3.jpg
[2025-04-09 19:01:55] Wallpaper set successfully
[2025-04-09 19:01:55] Successfully updated PC game wallpaper!
[2025-04-09 20:28:32] PC Video Game Wallpaper Changer started
[2025-04-09 20:28:32] Sources: Wallhaven, Steam Workshop, Reddit GameWallpapers
[2025-04-09 20:28:32] Attempting source: Wallhaven Gaming
[2025-04-09 20:28:32] Downloading image from: https://w.wallhaven.cc/full/0j/wallhaven-0jz99p.jpg
[2025-04-09 20:28:34] Wallpaper set successfully
[2025-04-09 20:28:34] Successfully updated PC game wallpaper!
